<?xml version="1.0" encoding="UTF-8"?>
<testng-results ignored="0" total="1" passed="1" failed="0" skipped="0">
  <reporter-output>
  </reporter-output>
  <suite started-at="2025-04-18T23:12:57 IST" name="Default suite" finished-at="2025-04-18T23:13:03 IST" duration-ms="6176">
    <groups>
    </groups>
    <test started-at="2025-04-18T23:12:57 IST" name="Default test" finished-at="2025-04-18T23:13:03 IST" duration-ms="6176">
      <class name="Test_Package.dummy">
        <test-method signature="abcd()[pri:0, instance:Test_Package.dummy@747ddf94]" started-at="2025-04-18T23:12:57 IST" name="abcd" finished-at="2025-04-18T23:13:03 IST" duration-ms="6139" status="PASS">
          <reporter-output>
          </reporter-output>
        </test-method> <!-- abcd -->
      </class> <!-- Test_Package.dummy -->
    </test> <!-- Default test -->
  </suite> <!-- Default suite -->
</testng-results>
