<?xml version="1.0" encoding="UTF-8"?>
<testng-results ignored="0" total="1" passed="1" failed="0" skipped="0">
  <reporter-output>
  </reporter-output>
  <suite started-at="2025-04-21T15:34:21 IST" name="Suite" finished-at="2025-04-21T15:34:27 IST" duration-ms="5924">
    <groups>
    </groups>
    <test started-at="2025-04-21T15:34:21 IST" name="Jenkins Test" finished-at="2025-04-21T15:34:27 IST" duration-ms="5924">
      <class name="Test_Package.Login">
        <test-method is-config="true" signature="generateReport()[pri:0, instance:Test_Package.Login@35ef1869]" started-at="2025-04-21T15:34:21 IST" name="generateReport" finished-at="2025-04-21T15:34:21 IST" duration-ms="186" status="PASS">
          <reporter-output>
          </reporter-output>
        </test-method> <!-- generateReport -->
        <test-method is-config="true" signature="setUp()[pri:0, instance:Test_Package.Login@35ef1869]" started-at="2025-04-21T15:34:21 IST" name="setUp" finished-at="2025-04-21T15:34:25 IST" duration-ms="3753" status="PASS">
          <reporter-output>
          </reporter-output>
        </test-method> <!-- setUp -->
        <test-method signature="Test_Login()[pri:0, instance:Test_Package.Login@35ef1869]" started-at="2025-04-21T15:34:25 IST" name="Test_Login" finished-at="2025-04-21T15:34:27 IST" duration-ms="2158" status="PASS">
          <reporter-output>
          </reporter-output>
        </test-method> <!-- Test_Login -->
        <test-method is-config="true" signature="Close_Browser()[pri:0, instance:Test_Package.Login@35ef1869]" started-at="2025-04-21T15:34:27 IST" name="Close_Browser" finished-at="2025-04-21T15:34:28 IST" duration-ms="734" status="PASS">
          <reporter-output>
          </reporter-output>
        </test-method> <!-- Close_Browser -->
      </class> <!-- Test_Package.Login -->
    </test> <!-- Jenkins Test -->
  </suite> <!-- Suite -->
</testng-results>
