<?xml version="1.0" encoding="UTF-8"?>
<!-- Generated by org.testng.reporters.JUnitXMLReporter -->
<testsuite ignored="26" hostname="DESKTOP-D886HJ1" failures="0" tests="14" name="bidPlan Test Scripts" time="175.167" errors="0" timestamp="2025-05-30T11:37:15 IST">
  <testcase classname="Super_Admin_Scripts.Super_Admin_Login" name="Super_Admin_Login_Test" time="1.966"/>
  <testcase classname="Super_Admin_Scripts.Add_Client" name="Add_Client_Test" time="19.06"/>
  <testcase classname="Super_Admin_Scripts.Updating_Client" name="Update_Client_Test" time="17.715"/>
  <testcase classname="Super_Admin_Scripts.Inactive_Client" name="Inactivate_Client_Test" time="8.293"/>
  <testcase classname="Super_Admin_Scripts.Active_Client" name="Activate_Client_Test" time="1.551"/>
  <testcase classname="Admin_Scripts.Admin_Login" name="Admin_Login_Test" time="1.194"/>
  <testcase classname="Bid_Manager_Scripts.B_Manager_Login" name="B_Manager_Login_Test" time="1.189"/>
  <testcase classname="Bid_Manager_Scripts.Historical_Proposal" name="Adding_Historical_Proposal" time="27.532"/>
  <testcase classname="Bid_Manager_Scripts.Resource_Bank" name="Adding_Historical_Proposal" time="14.06"/>
  <testcase classname="Bid_Manager_Scripts.Adding_BidManager" name="Add_Bid_Manager_Test" time="12.812"/>
  <testcase classname="Bid_Manager_Scripts.Updating_BidManager" name="Update_Bid_Manager_Test" time="14.44"/>
  <testcase classname="Bid_Manager_Scripts.Adding_Team_Member" name="Adding_Team_Member_Test" time="12.42"/>
  <testcase classname="Bid_Manager_Scripts.Updating_TeamMember" name="Update_TeamMember_Test" time="13.408"/>
  <testcase classname="Team_Member_Scripts.T_Member_Login" name="Team_Member_Login_Test" time="4.178"/>
  <testcase classname="Base_Package.Base_Class" name="@BeforeSuite generateReport" time="0.0">
    <ignored/>
  </testcase> <!-- @BeforeSuite generateReport -->
  <testcase classname="Base_Package.Base_Class" name="@BeforeSuite generateReport" time="0.0">
    <ignored/>
  </testcase> <!-- @BeforeSuite generateReport -->
  <testcase classname="Base_Package.Base_Class" name="@BeforeSuite generateReport" time="0.0">
    <ignored/>
  </testcase> <!-- @BeforeSuite generateReport -->
  <testcase classname="Base_Package.Base_Class" name="@BeforeSuite generateReport" time="0.0">
    <ignored/>
  </testcase> <!-- @BeforeSuite generateReport -->
  <testcase classname="Base_Package.Base_Class" name="@AfterTest Execution_Results" time="0.0">
    <ignored/>
  </testcase> <!-- @AfterTest Execution_Results -->
  <testcase classname="Base_Package.Base_Class" name="@BeforeSuite generateReport" time="0.0">
    <ignored/>
  </testcase> <!-- @BeforeSuite generateReport -->
  <testcase classname="Base_Package.Base_Class" name="@AfterTest Execution_Results" time="0.0">
    <ignored/>
  </testcase> <!-- @AfterTest Execution_Results -->
  <testcase classname="Base_Package.Base_Class" name="@BeforeSuite generateReport" time="0.0">
    <ignored/>
  </testcase> <!-- @BeforeSuite generateReport -->
  <testcase classname="Base_Package.Base_Class" name="@AfterTest Execution_Results" time="0.0">
    <ignored/>
  </testcase> <!-- @AfterTest Execution_Results -->
  <testcase classname="Base_Package.Base_Class" name="@AfterTest Execution_Results" time="0.0">
    <ignored/>
  </testcase> <!-- @AfterTest Execution_Results -->
  <testcase classname="Base_Package.Base_Class" name="@BeforeSuite generateReport" time="0.0">
    <ignored/>
  </testcase> <!-- @BeforeSuite generateReport -->
  <testcase classname="Base_Package.Base_Class" name="@AfterTest Execution_Results" time="0.0">
    <ignored/>
  </testcase> <!-- @AfterTest Execution_Results -->
  <testcase classname="Base_Package.Base_Class" name="@BeforeSuite generateReport" time="0.0">
    <ignored/>
  </testcase> <!-- @BeforeSuite generateReport -->
  <testcase classname="Base_Package.Base_Class" name="@BeforeSuite generateReport" time="0.0">
    <ignored/>
  </testcase> <!-- @BeforeSuite generateReport -->
  <testcase classname="Base_Package.Base_Class" name="@AfterTest Execution_Results" time="0.0">
    <ignored/>
  </testcase> <!-- @AfterTest Execution_Results -->
  <testcase classname="Base_Package.Base_Class" name="@AfterTest Execution_Results" time="0.0">
    <ignored/>
  </testcase> <!-- @AfterTest Execution_Results -->
  <testcase classname="Base_Package.Base_Class" name="@BeforeSuite generateReport" time="0.0">
    <ignored/>
  </testcase> <!-- @BeforeSuite generateReport -->
  <testcase classname="Base_Package.Base_Class" name="@AfterTest Execution_Results" time="0.0">
    <ignored/>
  </testcase> <!-- @AfterTest Execution_Results -->
  <testcase classname="Base_Package.Base_Class" name="@BeforeSuite generateReport" time="0.0">
    <ignored/>
  </testcase> <!-- @BeforeSuite generateReport -->
  <testcase classname="Base_Package.Base_Class" name="@AfterTest Execution_Results" time="0.0">
    <ignored/>
  </testcase> <!-- @AfterTest Execution_Results -->
  <testcase classname="Base_Package.Base_Class" name="@BeforeSuite generateReport" time="0.0">
    <ignored/>
  </testcase> <!-- @BeforeSuite generateReport -->
  <testcase classname="Base_Package.Base_Class" name="@AfterTest Execution_Results" time="0.0">
    <ignored/>
  </testcase> <!-- @AfterTest Execution_Results -->
  <testcase classname="Base_Package.Base_Class" name="@BeforeSuite generateReport" time="0.0">
    <ignored/>
  </testcase> <!-- @BeforeSuite generateReport -->
  <testcase classname="Base_Package.Base_Class" name="@AfterTest Execution_Results" time="0.0">
    <ignored/>
  </testcase> <!-- @AfterTest Execution_Results -->
  <testcase classname="Base_Package.Base_Class" name="@AfterTest Execution_Results" time="0.0">
    <ignored/>
  </testcase> <!-- @AfterTest Execution_Results -->
  <testcase classname="Base_Package.Base_Class" name="@AfterTest Execution_Results" time="0.0">
    <ignored/>
  </testcase> <!-- @AfterTest Execution_Results -->
</testsuite> <!-- bidPlan Test Scripts -->
