<?xml version="1.0" encoding="UTF-8"?>
<testng-results ignored="0" total="1" passed="1" failed="0" skipped="0">
  <reporter-output>
  </reporter-output>
  <suite started-at="2025-04-21T16:00:33 IST" name="Default suite" finished-at="2025-04-21T16:00:46 IST" duration-ms="13278">
    <groups>
    </groups>
    <test started-at="2025-04-21T16:00:33 IST" name="Default test" finished-at="2025-04-21T16:00:46 IST" duration-ms="13278">
      <class name="Test_Package.Login">
        <test-method is-config="true" signature="generateReport()[pri:0, instance:Test_Package.Login@798162bc]" started-at="2025-04-21T16:00:33 IST" name="generateReport" finished-at="2025-04-21T16:00:33 IST" duration-ms="149" status="PASS">
          <reporter-output>
          </reporter-output>
        </test-method> <!-- generateReport -->
        <test-method is-config="true" signature="setUp()[pri:0, instance:Test_Package.Login@798162bc]" started-at="2025-04-21T16:00:33 IST" name="setUp" finished-at="2025-04-21T16:00:36 IST" duration-ms="3068" status="PASS">
          <reporter-output>
          </reporter-output>
        </test-method> <!-- setUp -->
        <test-method signature="Test_Login()[pri:0, instance:Test_Package.Login@798162bc]" started-at="2025-04-21T16:00:36 IST" name="Test_Login" finished-at="2025-04-21T16:00:46 IST" duration-ms="10193" status="PASS">
          <reporter-output>
          </reporter-output>
        </test-method> <!-- Test_Login -->
        <test-method is-config="true" signature="Close_Browser()[pri:0, instance:Test_Package.Login@798162bc]" started-at="2025-04-21T16:00:46 IST" name="Close_Browser" finished-at="2025-04-21T16:00:47 IST" duration-ms="616" status="PASS">
          <reporter-output>
          </reporter-output>
        </test-method> <!-- Close_Browser -->
      </class> <!-- Test_Package.Login -->
    </test> <!-- Default test -->
  </suite> <!-- Default suite -->
</testng-results>
